<?xml version="1.0" encoding="UTF-8"?>
<!-- Generated by org.testng.reporters.JUnitReportReporter -->
<testsuite hostname="Abhijith" failures="0" tests="1" name="computers.TC_DWS_010_Test" time="3.100" errors="0" timestamp="2025-06-28T13:13:50 IST" skipped="0">
  <testcase classname="computers.TC_DWS_010_Test" name="clickOnComputers" time="3.100"/>
</testsuite> <!-- computers.TC_DWS_010_Test -->
